--2015-07-08 18:14:13--  http://saturn.pinsupreme.com/
Resolviendo saturn.pinsupreme.com (saturn.pinsupreme.com)... 188.226.187.7
Conectando con saturn.pinsupreme.com (saturn.pinsupreme.com)[188.226.187.7]:80... conectado.
Petición HTTP enviada, esperando respuesta... 200 OK
Longitud: 56826 (55K) [text/html]
Grabando a: “saturn.pinsupreme.com/index.html”

     0K .......... .......... .......... .......... .......... 90%  162K 0s
    50K .....                                                 100% 14.3M=0.3s

2015-07-08 18:14:14 (180 KB/s) - “saturn.pinsupreme.com/index.html” guardado [56826/56826]

Cargando robots.txt; ignore los errores.
--2015-07-08 18:14:14--  http://saturn.pinsupreme.com/robots.txt
Reutilizando la conexión con saturn.pinsupreme.com:80.
Petición HTTP enviada, esperando respuesta... 404 Not Found
2015-07-08 18:14:14 ERROR 404: Not Found.

--2015-07-08 18:14:14--  http://saturn.pinsupreme.com/03a03bbe34da26df16eb239ba68ecc0a.css
Reutilizando la conexión con saturn.pinsupreme.com:80.
Petición HTTP enviada, esperando respuesta... 200 OK
Longitud: 258470 (252K) [text/css]
Grabando a: “saturn.pinsupreme.com/03a03bbe34da26df16eb239ba68ecc0a.css”

     0K .......... .......... .......... .......... .......... 19%  323K 1s
    50K .......... .......... .......... .......... .......... 39% 9.81M 0s
   100K .......... .......... .......... .......... .......... 59%  327K 0s
   150K .......... .......... .......... .......... .......... 79%  329K 0s
   200K .......... .......... .......... .......... .......... 99% 11.0M 0s
   250K ..                                                    100% 23.6M=0.5s

2015-07-08 18:14:15 (538 KB/s) - “saturn.pinsupreme.com/03a03bbe34da26df16eb239ba68ecc0a.css” guardado [258470/258470]

--2015-07-08 18:14:15--  http://saturn.pinsupreme.com/assets/favicon.ico
Reutilizando la conexión con saturn.pinsupreme.com:80.
Petición HTTP enviada, esperando respuesta... 200 OK
Longitud: 5590 (5.5K) [image/x-icon]
Grabando a: “saturn.pinsupreme.com/assets/favicon.ico”

     0K .....                                                 100% 1.92M=0.003s

2015-07-08 18:14:15 (1.92 MB/s) - “saturn.pinsupreme.com/assets/favicon.ico” guardado [5590/5590]

--2015-07-08 18:14:15--  http://saturn.pinsupreme.com/assets/apple-touch-icon.png
Reutilizando la conexión con saturn.pinsupreme.com:80.
Petición HTTP enviada, esperando respuesta... 200 OK
Longitud: 4522 (4.4K) [image/png]
Grabando a: “saturn.pinsupreme.com/assets/apple-touch-icon.png”

     0K ....                                                  100% 1.52M=0.003s

2015-07-08 18:14:15 (1.52 MB/s) - “saturn.pinsupreme.com/assets/apple-touch-icon.png” guardado [4522/4522]

--2015-07-08 18:14:15--  http://saturn.pinsupreme.com/assets/images/avatar-small.jpg
Reutilizando la conexión con saturn.pinsupreme.com:80.
Petición HTTP enviada, esperando respuesta... 200 OK
Longitud: 6858 (6.7K) [image/jpeg]
Grabando a: “saturn.pinsupreme.com/assets/images/avatar-small.jpg”

     0K ......                                                100% 21.4M=0s

2015-07-08 18:14:15 (21.4 MB/s) - “saturn.pinsupreme.com/assets/images/avatar-small.jpg” guardado [6858/6858]

--2015-07-08 18:14:15--  http://saturn.pinsupreme.com/index.html
Reutilizando la conexión con saturn.pinsupreme.com:80.
Petición HTTP enviada, esperando respuesta... 200 OK
Longitud: 56826 (55K) [text/html]
Grabando a: “saturn.pinsupreme.com/index.html”

     0K .......... .......... .......... .......... .......... 90% 10.8M 0s
    50K .....                                                 100% 12.9M=0.005s

2015-07-08 18:14:15 (11.0 MB/s) - “saturn.pinsupreme.com/index.html” guardado [56826/56826]

--2015-07-08 18:14:15--  http://saturn.pinsupreme.com/forms.html
Reutilizando la conexión con saturn.pinsupreme.com:80.
Petición HTTP enviada, esperando respuesta... 200 OK
Longitud: 69897 (68K) [text/html]
Grabando a: “saturn.pinsupreme.com/forms.html”

     0K .......... .......... .......... .......... .......... 73% 11.2M 0s
    50K .......... ........                                   100% 11.9M=0.006s

2015-07-08 18:14:15 (11.4 MB/s) - “saturn.pinsupreme.com/forms.html” guardado [69897/69897]

--2015-07-08 18:14:15--  http://saturn.pinsupreme.com/elements.html
Reutilizando la conexión con saturn.pinsupreme.com:80.
Petición HTTP enviada, esperando respuesta... 200 OK
Longitud: 40764 (40K) [text/html]
Grabando a: “saturn.pinsupreme.com/elements.html”

     0K .......... .......... .......... .........            100% 11.1M=0.004s

2015-07-08 18:14:16 (11.1 MB/s) - “saturn.pinsupreme.com/elements.html” guardado [40764/40764]

--2015-07-08 18:14:16--  http://saturn.pinsupreme.com/charts.html
Reutilizando la conexión con saturn.pinsupreme.com:80.
Petición HTTP enviada, esperando respuesta... 200 OK
Longitud: 41877 (41K) [text/html]
Grabando a: “saturn.pinsupreme.com/charts.html”

     0K .......... .......... .......... ..........           100% 10.9M=0.004s

2015-07-08 18:14:16 (10.9 MB/s) - “saturn.pinsupreme.com/charts.html” guardado [41877/41877]

--2015-07-08 18:14:16--  http://saturn.pinsupreme.com/table.html
Reutilizando la conexión con saturn.pinsupreme.com:80.
Petición HTTP enviada, esperando respuesta... 200 OK
Longitud: 30229 (30K) [text/html]
Grabando a: “saturn.pinsupreme.com/table.html”

     0K .......... .......... .........                       100% 3.70M=0.008s

2015-07-08 18:14:16 (3.70 MB/s) - “saturn.pinsupreme.com/table.html” guardado [30229/30229]

--2015-07-08 18:14:16--  http://saturn.pinsupreme.com/grid.html
Reutilizando la conexión con saturn.pinsupreme.com:80.
Petición HTTP enviada, esperando respuesta... 200 OK
Longitud: 23711 (23K) [text/html]
Grabando a: “saturn.pinsupreme.com/grid.html”

     0K .......... .......... ...                             100% 3.64M=0.006s

2015-07-08 18:14:16 (3.64 MB/s) - “saturn.pinsupreme.com/grid.html” guardado [23711/23711]

--2015-07-08 18:14:16--  http://saturn.pinsupreme.com/calendar.html
Reutilizando la conexión con saturn.pinsupreme.com:80.
Petición HTTP enviada, esperando respuesta... 200 OK
Longitud: 8164 (8.0K) [text/html]
Grabando a: “saturn.pinsupreme.com/calendar.html”

     0K .......                                               100% 2.16M=0.004s

2015-07-08 18:14:16 (2.16 MB/s) - “saturn.pinsupreme.com/calendar.html” guardado [8164/8164]

--2015-07-08 18:14:16--  http://saturn.pinsupreme.com/maps.html
Reutilizando la conexión con saturn.pinsupreme.com:80.
Petición HTTP enviada, esperando respuesta... 200 OK
Longitud: 12614 (12K) [text/html]
Grabando a: “saturn.pinsupreme.com/maps.html”

     0K .......... ..                                         100% 2.61M=0.005s

2015-07-08 18:14:16 (2.61 MB/s) - “saturn.pinsupreme.com/maps.html” guardado [12614/12614]

--2015-07-08 18:14:16--  http://saturn.pinsupreme.com/page_search.html
Reutilizando la conexión con saturn.pinsupreme.com:80.
Petición HTTP enviada, esperando respuesta... 200 OK
Longitud: 12097 (12K) [text/html]
Grabando a: “saturn.pinsupreme.com/page_search.html”

     0K .......... .                                          100% 2.55M=0.005s

2015-07-08 18:14:17 (2.55 MB/s) - “saturn.pinsupreme.com/page_search.html” guardado [12097/12097]

--2015-07-08 18:14:17--  http://saturn.pinsupreme.com/ad67372f4b8b70896e8a596720082ac6.js
Reutilizando la conexión con saturn.pinsupreme.com:80.
Petición HTTP enviada, esperando respuesta... 200 OK
Longitud: 606342 (592K) [application/x-javascript]
Grabando a: “saturn.pinsupreme.com/ad67372f4b8b70896e8a596720082ac6.js”

     0K .......... .......... .......... .......... ..........  8% 10.9M 0s
    50K .......... .......... .......... .......... .......... 16% 11.3M 0s
   100K .......... .......... .......... .......... .......... 25%  335K 0s
   150K .......... .......... .......... .......... .......... 33% 11.3M 0s
   200K .......... .......... .......... .......... .......... 42%  337K 0s
   250K .......... .......... .......... .......... .......... 50% 11.4M 0s
   300K .......... .......... .......... .......... .......... 59%  339K 0s
   350K .......... .......... .......... .......... .......... 67% 11.2M 0s
   400K .......... .......... .......... .......... .......... 75% 11.4M 0s
   450K .......... .......... .......... .......... .......... 84%  342K 0s
   500K .......... .......... .......... .......... .......... 92% 10.4M 0s
   550K .......... .......... .......... .......... ..        100% 11.7M=0.6s

2015-07-08 18:14:17 (946 KB/s) - “saturn.pinsupreme.com/ad67372f4b8b70896e8a596720082ac6.js” guardado [606342/606342]

--2015-07-08 18:14:17--  http://saturn.pinsupreme.com/6ede73fb6e204f0d1ba850a2db67eb65.js
Reutilizando la conexión con saturn.pinsupreme.com:80.
Petición HTTP enviada, esperando respuesta... 200 OK
Longitud: 4243 (4.1K) [application/x-javascript]
Grabando a: “saturn.pinsupreme.com/6ede73fb6e204f0d1ba850a2db67eb65.js”

     0K ....                                                  100% 1.46M=0.003s

2015-07-08 18:14:17 (1.46 MB/s) - “saturn.pinsupreme.com/6ede73fb6e204f0d1ba850a2db67eb65.js” guardado [4243/4243]

--2015-07-08 18:14:17--  http://saturn.pinsupreme.com/images/back_enabled.png
Reutilizando la conexión con saturn.pinsupreme.com:80.
Petición HTTP enviada, esperando respuesta... 404 Not Found
2015-07-08 18:14:18 ERROR 404: Not Found.

--2015-07-08 18:14:18--  http://saturn.pinsupreme.com/images/back_enabled_hover.png
Reutilizando la conexión con saturn.pinsupreme.com:80.
Petición HTTP enviada, esperando respuesta... 404 Not Found
2015-07-08 18:14:18 ERROR 404: Not Found.

--2015-07-08 18:14:18--  http://saturn.pinsupreme.com/images/back_disabled.png
Reutilizando la conexión con saturn.pinsupreme.com:80.
Petición HTTP enviada, esperando respuesta... 404 Not Found
2015-07-08 18:14:18 ERROR 404: Not Found.

--2015-07-08 18:14:18--  http://saturn.pinsupreme.com/images/forward_enabled.png
Reutilizando la conexión con saturn.pinsupreme.com:80.
Petición HTTP enviada, esperando respuesta... 404 Not Found
2015-07-08 18:14:18 ERROR 404: Not Found.

--2015-07-08 18:14:18--  http://saturn.pinsupreme.com/images/forward_enabled_hover.png
Reutilizando la conexión con saturn.pinsupreme.com:80.
Petición HTTP enviada, esperando respuesta... 404 Not Found
2015-07-08 18:14:18 ERROR 404: Not Found.

--2015-07-08 18:14:18--  http://saturn.pinsupreme.com/images/forward_disabled.png
Reutilizando la conexión con saturn.pinsupreme.com:80.
Petición HTTP enviada, esperando respuesta... 404 Not Found
2015-07-08 18:14:18 ERROR 404: Not Found.

--2015-07-08 18:14:18--  http://saturn.pinsupreme.com/assets/images/datatables/sort_both.png
Reutilizando la conexión con saturn.pinsupreme.com:80.
Petición HTTP enviada, esperando respuesta... 200 OK
Longitud: 1136 (1.1K) [image/png]
Grabando a: “saturn.pinsupreme.com/assets/images/datatables/sort_both.png”

     0K .                                                     100%  570K=0.002s

2015-07-08 18:14:19 (570 KB/s) - “saturn.pinsupreme.com/assets/images/datatables/sort_both.png” guardado [1136/1136]

--2015-07-08 18:14:19--  http://saturn.pinsupreme.com/assets/images/datatables/sort_asc.png
Reutilizando la conexión con saturn.pinsupreme.com:80.
Petición HTTP enviada, esperando respuesta... 200 OK
Longitud: 1118 (1.1K) [image/png]
Grabando a: “saturn.pinsupreme.com/assets/images/datatables/sort_asc.png”

     0K .                                                     100%  536K=0.002s

2015-07-08 18:14:19 (536 KB/s) - “saturn.pinsupreme.com/assets/images/datatables/sort_asc.png” guardado [1118/1118]

--2015-07-08 18:14:19--  http://saturn.pinsupreme.com/assets/images/datatables/sort_desc.png
Reutilizando la conexión con saturn.pinsupreme.com:80.
Petición HTTP enviada, esperando respuesta... 200 OK
Longitud: 1127 (1.1K) [image/png]
Grabando a: “saturn.pinsupreme.com/assets/images/datatables/sort_desc.png”

     0K .                                                     100%  545K=0.002s

2015-07-08 18:14:19 (545 KB/s) - “saturn.pinsupreme.com/assets/images/datatables/sort_desc.png” guardado [1127/1127]

--2015-07-08 18:14:19--  http://saturn.pinsupreme.com/assets/images/datatables/sort_asc_disabled.png
Reutilizando la conexión con saturn.pinsupreme.com:80.
Petición HTTP enviada, esperando respuesta... 200 OK
Longitud: 1050 (1.0K) [image/png]
Grabando a: “saturn.pinsupreme.com/assets/images/datatables/sort_asc_disabled.png”

     0K .                                                     100% 45.2M=0s

2015-07-08 18:14:19 (45.2 MB/s) - “saturn.pinsupreme.com/assets/images/datatables/sort_asc_disabled.png” guardado [1050/1050]

--2015-07-08 18:14:19--  http://saturn.pinsupreme.com/assets/images/datatables/sort_desc_disabled.png
Reutilizando la conexión con saturn.pinsupreme.com:80.
Petición HTTP enviada, esperando respuesta... 200 OK
Longitud: 1045 (1.0K) [image/png]
Grabando a: “saturn.pinsupreme.com/assets/images/datatables/sort_desc_disabled.png”

     0K .                                                     100% 51.5M=0s

2015-07-08 18:14:19 (51.5 MB/s) - “saturn.pinsupreme.com/assets/images/datatables/sort_desc_disabled.png” guardado [1045/1045]

--2015-07-08 18:14:19--  http://saturn.pinsupreme.com/assets/images/chosen/chosen-sprite.png
Reutilizando la conexión con saturn.pinsupreme.com:80.
Petición HTTP enviada, esperando respuesta... 200 OK
Longitud: 646 [image/png]
Grabando a: “saturn.pinsupreme.com/assets/images/chosen/chosen-sprite.png”

     0K                                                       100%  104M=0s

2015-07-08 18:14:19 (104 MB/s) - “saturn.pinsupreme.com/assets/images/chosen/chosen-sprite.png” guardado [646/646]

--2015-07-08 18:14:19--  http://saturn.pinsupreme.com/assets/images/chosen/chosen-sprite@2x.png
Reutilizando la conexión con saturn.pinsupreme.com:80.
Petición HTTP enviada, esperando respuesta... 200 OK
Longitud: 872 [image/png]
Grabando a: “saturn.pinsupreme.com/assets/images/chosen/chosen-sprite@2x.png”

     0K                                                       100% 41.0M=0s

2015-07-08 18:14:19 (41.0 MB/s) - “saturn.pinsupreme.com/assets/images/chosen/chosen-sprite@2x.png” guardado [872/872]

--2015-07-08 18:14:19--  http://saturn.pinsupreme.com/assets/images/spritemap.png
Reutilizando la conexión con saturn.pinsupreme.com:80.
Petición HTTP enviada, esperando respuesta... 200 OK
Longitud: 16954 (17K) [image/png]
Grabando a: “saturn.pinsupreme.com/assets/images/spritemap.png”

     0K .......... ......                                     100% 14.5M=0.001s

2015-07-08 18:14:19 (14.5 MB/s) - “saturn.pinsupreme.com/assets/images/spritemap.png” guardado [16954/16954]

--2015-07-08 18:14:19--  http://saturn.pinsupreme.com/assets/images/spritemap@2x.png
Reutilizando la conexión con saturn.pinsupreme.com:80.
Petición HTTP enviada, esperando respuesta... 200 OK
Longitud: 41065 (40K) [image/png]
Grabando a: “saturn.pinsupreme.com/assets/images/spritemap@2x.png”

     0K .......... .......... .......... ..........           100% 11.4M=0.003s

2015-07-08 18:14:20 (11.4 MB/s) - “saturn.pinsupreme.com/assets/images/spritemap@2x.png” guardado [41065/41065]

--2015-07-08 18:14:20--  http://saturn.pinsupreme.com/fonts/glyphicons-halflings-regular.eot
Reutilizando la conexión con saturn.pinsupreme.com:80.
Petición HTTP enviada, esperando respuesta... 404 Not Found
2015-07-08 18:14:20 ERROR 404: Not Found.

--2015-07-08 18:14:20--  http://saturn.pinsupreme.com/fonts/glyphicons-halflings-regular.eot?
Reutilizando la conexión con saturn.pinsupreme.com:80.
Petición HTTP enviada, esperando respuesta... 404 Not Found
2015-07-08 18:14:20 ERROR 404: Not Found.

--2015-07-08 18:14:20--  http://saturn.pinsupreme.com/fonts/glyphicons-halflings-regular.woff
Reutilizando la conexión con saturn.pinsupreme.com:80.
Petición HTTP enviada, esperando respuesta... 404 Not Found
2015-07-08 18:14:20 ERROR 404: Not Found.

--2015-07-08 18:14:20--  http://saturn.pinsupreme.com/fonts/glyphicons-halflings-regular.ttf
Reutilizando la conexión con saturn.pinsupreme.com:80.
Petición HTTP enviada, esperando respuesta... 404 Not Found
2015-07-08 18:14:20 ERROR 404: Not Found.

--2015-07-08 18:14:20--  http://saturn.pinsupreme.com/fonts/glyphicons-halflings-regular.svg
Reutilizando la conexión con saturn.pinsupreme.com:80.
Petición HTTP enviada, esperando respuesta... 404 Not Found
2015-07-08 18:14:20 ERROR 404: Not Found.

--2015-07-08 18:14:20--  http://saturn.pinsupreme.com/assets/fonts/font-awesome/fontawesome-webfont.eot?v=4.0.3
Reutilizando la conexión con saturn.pinsupreme.com:80.
Petición HTTP enviada, esperando respuesta... 200 OK
Longitud: 38205 (37K) [application/vnd.ms-fontobject]
Grabando a: “saturn.pinsupreme.com/assets/fonts/font-awesome/fontawesome-webfont.eot?v=4.0.3”

     0K .......... .......... .......... .......              100% 11.7M=0.003s

2015-07-08 18:14:20 (11.7 MB/s) - “saturn.pinsupreme.com/assets/fonts/font-awesome/fontawesome-webfont.eot?v=4.0.3” guardado [38205/38205]

--2015-07-08 18:14:20--  http://saturn.pinsupreme.com/assets/fonts/font-awesome/fontawesome-webfont.eot?
Reutilizando la conexión con saturn.pinsupreme.com:80.
Petición HTTP enviada, esperando respuesta... 200 OK
Longitud: 38205 (37K) [application/vnd.ms-fontobject]
Grabando a: “saturn.pinsupreme.com/assets/fonts/font-awesome/fontawesome-webfont.eot?”

     0K .......... .......... .......... .......              100% 11.2M=0.003s

2015-07-08 18:14:21 (11.2 MB/s) - “saturn.pinsupreme.com/assets/fonts/font-awesome/fontawesome-webfont.eot?” guardado [38205/38205]

--2015-07-08 18:14:21--  http://saturn.pinsupreme.com/assets/fonts/font-awesome/fontawesome-webfont.woff?v=4.0.3
Reutilizando la conexión con saturn.pinsupreme.com:80.
Petición HTTP enviada, esperando respuesta... 200 OK
Longitud: 44432 (43K) [application/font-woff]
Grabando a: “saturn.pinsupreme.com/assets/fonts/font-awesome/fontawesome-webfont.woff?v=4.0.3”

     0K .......... .......... .......... .......... ...       100% 10.9M=0.004s

2015-07-08 18:14:21 (10.9 MB/s) - “saturn.pinsupreme.com/assets/fonts/font-awesome/fontawesome-webfont.woff?v=4.0.3” guardado [44432/44432]

--2015-07-08 18:14:21--  http://saturn.pinsupreme.com/assets/fonts/font-awesome/fontawesome-webfont.ttf?v=4.0.3
Reutilizando la conexión con saturn.pinsupreme.com:80.
Petición HTTP enviada, esperando respuesta... 200 OK
Longitud: 80652 (79K) [application/vnd.ms-opentype]
Grabando a: “saturn.pinsupreme.com/assets/fonts/font-awesome/fontawesome-webfont.ttf?v=4.0.3”

     0K .......... .......... .......... .......... .......... 63% 11.0M 0s
    50K .......... .......... ........                        100% 11.4M=0.007s

2015-07-08 18:14:21 (11.2 MB/s) - “saturn.pinsupreme.com/assets/fonts/font-awesome/fontawesome-webfont.ttf?v=4.0.3” guardado [80652/80652]

--2015-07-08 18:14:21--  http://saturn.pinsupreme.com/assets/fonts/font-awesome/fontawesome-webfont.svg?v=4.0.3
Reutilizando la conexión con saturn.pinsupreme.com:80.
Petición HTTP enviada, esperando respuesta... 200 OK
Longitud: 202148 (197K) [image/svg+xml]
Grabando a: “saturn.pinsupreme.com/assets/fonts/font-awesome/fontawesome-webfont.svg?v=4.0.3”

     0K .......... .......... .......... .......... .......... 25% 10.9M 0s
    50K .......... .......... .......... .......... .......... 50% 11.3M 0s
   100K .......... .......... .......... .......... .......... 75% 11.0M 0s
   150K .......... .......... .......... .......... .......   100%  333K=0.2s

2015-07-08 18:14:21 (1.24 MB/s) - “saturn.pinsupreme.com/assets/fonts/font-awesome/fontawesome-webfont.svg?v=4.0.3” guardado [202148/202148]

--2015-07-08 18:14:21--  http://saturn.pinsupreme.com/assets/images/shadow-separator-narrow-right.png
Reutilizando la conexión con saturn.pinsupreme.com:80.
Petición HTTP enviada, esperando respuesta... 200 OK
Longitud: 4809 (4.7K) [image/png]
Grabando a: “saturn.pinsupreme.com/assets/images/shadow-separator-narrow-right.png”

     0K ....                                                  100% 16.7M=0s

2015-07-08 18:14:21 (16.7 MB/s) - “saturn.pinsupreme.com/assets/images/shadow-separator-narrow-right.png” guardado [4809/4809]

--2015-07-08 18:14:21--  http://saturn.pinsupreme.com/form_validation.html
Reutilizando la conexión con saturn.pinsupreme.com:80.
Petición HTTP enviada, esperando respuesta... 200 OK
Longitud: 14838 (14K) [text/html]
Grabando a: “saturn.pinsupreme.com/form_validation.html”

     0K .......... ....                                       100% 3.04M=0.005s

2015-07-08 18:14:21 (3.04 MB/s) - “saturn.pinsupreme.com/form_validation.html” guardado [14838/14838]

--2015-07-08 18:14:21--  http://saturn.pinsupreme.com/form_file_upload.html
Reutilizando la conexión con saturn.pinsupreme.com:80.
Petición HTTP enviada, esperando respuesta... 200 OK
Longitud: 8540 (8.3K) [text/html]
Grabando a: “saturn.pinsupreme.com/form_file_upload.html”

     0K ........                                              100% 2.10M=0.004s

2015-07-08 18:14:22 (2.10 MB/s) - “saturn.pinsupreme.com/form_file_upload.html” guardado [8540/8540]

--2015-07-08 18:14:22--  http://saturn.pinsupreme.com/0ecdc2a1f21af0053c8e1d78bc57a41a.js
Reutilizando la conexión con saturn.pinsupreme.com:80.
Petición HTTP enviada, esperando respuesta... 200 OK
Longitud: 42 [application/x-javascript]
Grabando a: “saturn.pinsupreme.com/0ecdc2a1f21af0053c8e1d78bc57a41a.js”

     0K                                                       100% 7.01M=0s

2015-07-08 18:14:22 (7.01 MB/s) - “saturn.pinsupreme.com/0ecdc2a1f21af0053c8e1d78bc57a41a.js” guardado [42/42]

--2015-07-08 18:14:22--  http://saturn.pinsupreme.com/buttons.html
Reutilizando la conexión con saturn.pinsupreme.com:80.
Petición HTTP enviada, esperando respuesta... 200 OK
Longitud: 43179 (42K) [text/html]
Grabando a: “saturn.pinsupreme.com/buttons.html”

     0K .......... .......... .......... .......... ..        100% 10.6M=0.004s

2015-07-08 18:14:22 (10.6 MB/s) - “saturn.pinsupreme.com/buttons.html” guardado [43179/43179]

--2015-07-08 18:14:22--  http://saturn.pinsupreme.com/icons.html
Reutilizando la conexión con saturn.pinsupreme.com:80.
Petición HTTP enviada, esperando respuesta... 200 OK
Longitud: 62802 (61K) [text/html]
Grabando a: “saturn.pinsupreme.com/icons.html”

     0K .......... .......... .......... .......... .......... 81% 10.9M 0s
    50K .......... .                                          100% 11.8M=0.005s

2015-07-08 18:14:22 (11.1 MB/s) - “saturn.pinsupreme.com/icons.html” guardado [62802/62802]

--2015-07-08 18:14:22--  http://saturn.pinsupreme.com/family_tree.html
Reutilizando la conexión con saturn.pinsupreme.com:80.
Petición HTTP enviada, esperando respuesta... 200 OK
Longitud: 7434 (7.3K) [text/html]
Grabando a: “saturn.pinsupreme.com/family_tree.html”

     0K .......                                               100% 2.20M=0.003s

2015-07-08 18:14:22 (2.20 MB/s) - “saturn.pinsupreme.com/family_tree.html” guardado [7434/7434]

--2015-07-08 18:14:22--  http://saturn.pinsupreme.com/c73e92eee309ebb3dbfe463d44bdf524.js
Reutilizando la conexión con saturn.pinsupreme.com:80.
Petición HTTP enviada, esperando respuesta... 200 OK
Longitud: 1298 (1.3K) [application/x-javascript]
Grabando a: “saturn.pinsupreme.com/c73e92eee309ebb3dbfe463d44bdf524.js”

     0K .                                                     100%  565K=0.002s

2015-07-08 18:14:22 (565 KB/s) - “saturn.pinsupreme.com/c73e92eee309ebb3dbfe463d44bdf524.js” guardado [1298/1298]

--2015-07-08 18:14:22--  http://saturn.pinsupreme.com/c6d79f38db05451279c2ab63938bab1d.js
Reutilizando la conexión con saturn.pinsupreme.com:80.
Petición HTTP enviada, esperando respuesta... 200 OK
Longitud: 4031 (3.9K) [application/x-javascript]
Grabando a: “saturn.pinsupreme.com/c6d79f38db05451279c2ab63938bab1d.js”

     0K ...                                                   100% 1.40M=0.003s

2015-07-08 18:14:22 (1.40 MB/s) - “saturn.pinsupreme.com/c6d79f38db05451279c2ab63938bab1d.js” guardado [4031/4031]

--2015-07-08 18:14:22--  http://saturn.pinsupreme.com/datatable.html
Reutilizando la conexión con saturn.pinsupreme.com:80.
Petición HTTP enviada, esperando respuesta... 200 OK
Longitud: 49826 (49K) [text/html]
Grabando a: “saturn.pinsupreme.com/datatable.html”

     0K .......... .......... .......... .......... ........  100% 10.6M=0.004s

2015-07-08 18:14:23 (10.6 MB/s) - “saturn.pinsupreme.com/datatable.html” guardado [49826/49826]

--2015-07-08 18:14:23--  http://saturn.pinsupreme.com/responsive_table.html
Reutilizando la conexión con saturn.pinsupreme.com:80.
Petición HTTP enviada, esperando respuesta... 200 OK
Longitud: 16670 (16K) [text/html]
Grabando a: “saturn.pinsupreme.com/responsive_table.html”

     0K .......... ......                                     100% 3.09M=0.005s

2015-07-08 18:14:23 (3.09 MB/s) - “saturn.pinsupreme.com/responsive_table.html” guardado [16670/16670]

--2015-07-08 18:14:23--  http://saturn.pinsupreme.com/d7dfc13379a397356e42ab8bd98901a0.js
Reutilizando la conexión con saturn.pinsupreme.com:80.
Petición HTTP enviada, esperando respuesta... 200 OK
Longitud: 517 [application/x-javascript]
Grabando a: “saturn.pinsupreme.com/d7dfc13379a397356e42ab8bd98901a0.js”

     0K                                                       100% 23.7M=0s

2015-07-08 18:14:23 (23.7 MB/s) - “saturn.pinsupreme.com/d7dfc13379a397356e42ab8bd98901a0.js” guardado [517/517]

--2015-07-08 18:14:23--  http://saturn.pinsupreme.com/right_menu.html
Reutilizando la conexión con saturn.pinsupreme.com:80.
Petición HTTP enviada, esperando respuesta... 200 OK
Longitud: 55939 (55K) [text/html]
Grabando a: “saturn.pinsupreme.com/right_menu.html”

     0K .......... .......... .......... .......... .......... 91% 10.7M 0s
    50K ....                                                  100% 12.8M=0.005s

2015-07-08 18:14:23 (10.9 MB/s) - “saturn.pinsupreme.com/right_menu.html” guardado [55939/55939]

--2015-07-08 18:14:23--  http://saturn.pinsupreme.com/horizontal_menu.html
Reutilizando la conexión con saturn.pinsupreme.com:80.
Petición HTTP enviada, esperando respuesta... 200 OK
Longitud: 56602 (55K) [text/html]
Grabando a: “saturn.pinsupreme.com/horizontal_menu.html”

     0K .......... .......... .......... .......... .......... 90% 10.9M 0s
    50K .....                                                 100% 14.6M=0.005s

2015-07-08 18:14:23 (11.2 MB/s) - “saturn.pinsupreme.com/horizontal_menu.html” guardado [56602/56602]

--2015-07-08 18:14:23--  http://saturn.pinsupreme.com/foldable_menu.html
Reutilizando la conexión con saturn.pinsupreme.com:80.
Petición HTTP enviada, esperando respuesta... 200 OK
Longitud: 56657 (55K) [text/html]
Grabando a: “saturn.pinsupreme.com/foldable_menu.html”

     0K .......... .......... .......... .......... .......... 90% 11.2M 0s
    50K .....                                                 100% 12.7M=0.005s

2015-07-08 18:14:23 (11.3 MB/s) - “saturn.pinsupreme.com/foldable_menu.html” guardado [56657/56657]

--2015-07-08 18:14:23--  http://saturn.pinsupreme.com/d87702a03fc04ae22a32a529fc373569.js
Reutilizando la conexión con saturn.pinsupreme.com:80.
Petición HTTP enviada, esperando respuesta... 200 OK
Longitud: 662 [application/x-javascript]
Grabando a: “saturn.pinsupreme.com/d87702a03fc04ae22a32a529fc373569.js”

     0K                                                       100% 30.1M=0s

2015-07-08 18:14:24 (30.1 MB/s) - “saturn.pinsupreme.com/d87702a03fc04ae22a32a529fc373569.js” guardado [662/662]

--2015-07-08 18:14:24--  http://saturn.pinsupreme.com/13ab0acd665cc7d452aa96b0cf725999.js
Reutilizando la conexión con saturn.pinsupreme.com:80.
Petición HTTP enviada, esperando respuesta... 200 OK
Longitud: 1382 (1.3K) [application/x-javascript]
Grabando a: “saturn.pinsupreme.com/13ab0acd665cc7d452aa96b0cf725999.js”

     0K .                                                     100%  650K=0.002s

2015-07-08 18:14:24 (650 KB/s) - “saturn.pinsupreme.com/13ab0acd665cc7d452aa96b0cf725999.js” guardado [1382/1382]

--2015-07-08 18:14:24--  http://saturn.pinsupreme.com/order_details.html
Reutilizando la conexión con saturn.pinsupreme.com:80.
Petición HTTP enviada, esperando respuesta... 200 OK
Longitud: 14069 (14K) [text/html]
Grabando a: “saturn.pinsupreme.com/order_details.html”

     0K .......... ...                                        100% 2.85M=0.005s

2015-07-08 18:14:24 (2.85 MB/s) - “saturn.pinsupreme.com/order_details.html” guardado [14069/14069]

--2015-07-08 18:14:24--  http://saturn.pinsupreme.com/profile.html
Reutilizando la conexión con saturn.pinsupreme.com:80.
Petición HTTP enviada, esperando respuesta... 200 OK
Longitud: 21333 (21K) [text/html]
Grabando a: “saturn.pinsupreme.com/profile.html”

     0K .......... ..........                                 100% 3.25M=0.006s

2015-07-08 18:14:24 (3.25 MB/s) - “saturn.pinsupreme.com/profile.html” guardado [21333/21333]

--2015-07-08 18:14:24--  http://saturn.pinsupreme.com/invoice.html
Reutilizando la conexión con saturn.pinsupreme.com:80.
Petición HTTP enviada, esperando respuesta... 200 OK
Longitud: 12475 (12K) [text/html]
Grabando a: “saturn.pinsupreme.com/invoice.html”

     0K .......... ..                                         100% 2.68M=0.004s

2015-07-08 18:14:24 (2.68 MB/s) - “saturn.pinsupreme.com/invoice.html” guardado [12475/12475]

--2015-07-08 18:14:24--  http://saturn.pinsupreme.com/page_500.html
Reutilizando la conexión con saturn.pinsupreme.com:80.
Petición HTTP enviada, esperando respuesta... 200 OK
Longitud: 7084 (6.9K) [text/html]
Grabando a: “saturn.pinsupreme.com/page_500.html”

     0K ......                                                100% 2.24M=0.003s

2015-07-08 18:14:24 (2.24 MB/s) - “saturn.pinsupreme.com/page_500.html” guardado [7084/7084]

--2015-07-08 18:14:24--  http://saturn.pinsupreme.com/page_404.html
Reutilizando la conexión con saturn.pinsupreme.com:80.
Petición HTTP enviada, esperando respuesta... 200 OK
Longitud: 7496 (7.3K) [text/html]
Grabando a: “saturn.pinsupreme.com/page_404.html”

     0K .......                                               100% 2.41M=0.003s

2015-07-08 18:14:25 (2.41 MB/s) - “saturn.pinsupreme.com/page_404.html” guardado [7496/7496]

--2015-07-08 18:14:25--  http://saturn.pinsupreme.com/login.html
Reutilizando la conexión con saturn.pinsupreme.com:80.
Petición HTTP enviada, esperando respuesta... 200 OK
Longitud: 3183 (3.1K) [text/html]
Grabando a: “saturn.pinsupreme.com/login.html”

     0K ...                                                   100% 1.37M=0.002s

2015-07-08 18:14:25 (1.37 MB/s) - “saturn.pinsupreme.com/login.html” guardado [3183/3183]

--2015-07-08 18:14:25--  http://saturn.pinsupreme.com/register.html
Reutilizando la conexión con saturn.pinsupreme.com:80.
Petición HTTP enviada, esperando respuesta... 200 OK
Longitud: 3656 (3.6K) [text/html]
Grabando a: “saturn.pinsupreme.com/register.html”

     0K ...                                                   100% 1.50M=0.002s

2015-07-08 18:14:25 (1.50 MB/s) - “saturn.pinsupreme.com/register.html” guardado [3656/3656]

--2015-07-08 18:14:25--  http://saturn.pinsupreme.com/926fa5705d7bbe688c5b54d9d559f339.js
Reutilizando la conexión con saturn.pinsupreme.com:80.
Petición HTTP enviada, esperando respuesta... 200 OK
Longitud: 374 [application/x-javascript]
Grabando a: “saturn.pinsupreme.com/926fa5705d7bbe688c5b54d9d559f339.js”

     0K                                                       100% 16.0M=0s

2015-07-08 18:14:25 (16.0 MB/s) - “saturn.pinsupreme.com/926fa5705d7bbe688c5b54d9d559f339.js” guardado [374/374]

--2015-07-08 18:14:25--  http://saturn.pinsupreme.com/assets/images/avatar-large.jpg
Reutilizando la conexión con saturn.pinsupreme.com:80.
Petición HTTP enviada, esperando respuesta... 200 OK
Longitud: 49872 (49K) [image/jpeg]
Grabando a: “saturn.pinsupreme.com/assets/images/avatar-large.jpg”

     0K .......... .......... .......... .......... ........  100% 11.0M=0.004s

2015-07-08 18:14:25 (11.0 MB/s) - “saturn.pinsupreme.com/assets/images/avatar-large.jpg” guardado [49872/49872]

--2015-07-08 18:14:25--  http://saturn.pinsupreme.com/54af62862bafb8d935ed7facd521918f.js
Reutilizando la conexión con saturn.pinsupreme.com:80.
Petición HTTP enviada, esperando respuesta... 200 OK
Longitud: 99 [application/x-javascript]
Grabando a: “saturn.pinsupreme.com/54af62862bafb8d935ed7facd521918f.js”

     0K                                                       100% 4.70M=0s

2015-07-08 18:14:25 (4.70 MB/s) - “saturn.pinsupreme.com/54af62862bafb8d935ed7facd521918f.js” guardado [99/99]

ACABADO --2015-07-08 18:14:25--
Tiempo total de reloj: 12s
Descargados: 57 ficheros, 2.1M en 1.7s (1.22 MB/s)
